# JRE version: Java(TM) SE Runtime Environment 18.9 (11.0.15+8) (build 11.0.15+8-LTS-149)
# Java VM: Java HotSpot(TM) 64-Bit Server VM 18.9 (11.0.15+8-LTS-149, mixed mode, tiered, compressed oops, g1 gc, windows-amd64)
Heap:
 garbage-first heap   total 196608K, used 15553K [0x0000000740c00000, 0x0000000800000000)
  region size 1024K, 9 young (9216K), 3 survivors (3072K)
 Metaspace       used 21462K, capacity 22109K, committed 22400K, reserved 1069056K
  class space    used 2617K, capacity 2849K, committed 2944K, reserved 1048576K
GC Heap History (10 events):
Event: 0.724 GC heap before
{Heap before GC invocations=0 (full 0):
 garbage-first heap   total 196608K, used 14336K [0x0000000740c00000, 0x0000000800000000)
  region size 1024K, 14 young (14336K), 0 survivors (0K)
 Metaspace       used 9026K, capacity 9149K, committed 9344K, reserved 1058816K
  class space    used 784K, capacity 835K, committed 896K, reserved 1048576K
}
Event: 0.732 GC heap after
{Heap after GC invocations=1 (full 0):
 garbage-first heap   total 196608K, used 8127K [0x0000000740c00000, 0x0000000800000000)
  region size 1024K, 2 young (2048K), 2 survivors (2048K)
 Metaspace       used 9026K, capacity 9149K, committed 9344K, reserved 1058816K
  class space    used 784K, capacity 835K, committed 896K, reserved 1048576K
}
Event: 0.937 GC heap before
{Heap before GC invocations=1 (full 0):
 garbage-first heap   total 196608K, used 19391K [0x0000000740c00000, 0x0000000800000000)
  region size 1024K, 13 young (13312K), 2 survivors (2048K)
 Metaspace       used 10949K, capacity 11164K, committed 11392K, reserved 1058816K
  class space    used 1001K, capacity 1085K, committed 1152K, reserved 1048576K
}
Event: 0.940 GC heap after
{Heap after GC invocations=2 (full 0):
 garbage-first heap   total 196608K, used 8318K [0x0000000740c00000, 0x0000000800000000)
  region size 1024K, 1 young (1024K), 1 survivors (1024K)
 Metaspace       used 10949K, capacity 11164K, committed 11392K, reserved 1058816K
  class space    used 1001K, capacity 1085K, committed 1152K, reserved 1048576K
}
Event: 1.342 GC heap before
{Heap before GC invocations=2 (full 0):
 garbage-first heap   total 196608K, used 36990K [0x0000000740c00000, 0x0000000800000000)
  region size 1024K, 29 young (29696K), 1 survivors (1024K)
 Metaspace       used 14163K, capacity 14724K, committed 14976K, reserved 1062912K
  class space    used 1438K, capacity 1639K, committed 1664K, reserved 1048576K
}
Event: 1.345 GC heap after
{Heap after GC invocations=3 (full 0):
 garbage-first heap   total 196608K, used 9026K [0x0000000740c00000, 0x0000000800000000)
  region size 1024K, 2 young (2048K), 2 survivors (2048K)
 Metaspace       used 14163K, capacity 14724K, committed 14976K, reserved 1062912K
  class space    used 1438K, capacity 1639K, committed 1664K, reserved 1048576K
}
Event: 2.019 GC heap before
{Heap before GC invocations=3 (full 0):
 garbage-first heap   total 196608K, used 58178K [0x0000000740c00000, 0x0000000800000000)
  region size 1024K, 50 young (51200K), 2 survivors (2048K)
 Metaspace       used 18208K, capacity 18861K, committed 19072K, reserved 1067008K
  class space    used 2156K, capacity 2378K, committed 2432K, reserved 1048576K
}
Event: 2.023 GC heap after
{Heap after GC invocations=4 (full 0):
 garbage-first heap   total 196608K, used 9917K [0x0000000740c00000, 0x0000000800000000)
  region size 1024K, 2 young (2048K), 2 survivors (2048K)
 Metaspace       used 18208K, capacity 18861K, committed 19072K, reserved 1067008K
  class space    used 2156K, capacity 2378K, committed 2432K, reserved 1048576K
}
Event: 2.725 GC heap before
{Heap before GC invocations=4 (full 0):
 garbage-first heap   total 196608K, used 43709K [0x0000000740c00000, 0x0000000800000000)
  region size 1024K, 36 young (36864K), 2 survivors (2048K)
 Metaspace       used 20505K, capacity 21114K, committed 21248K, reserved 1067008K
  class space    used 2505K, capacity 2729K, committed 2816K, reserved 1048576K
}
Event: 2.729 GC heap after
{Heap after GC invocations=5 (full 0):
 garbage-first heap   total 196608K, used 10433K [0x0000000740c00000, 0x0000000800000000)
  region size 1024K, 3 young (3072K), 3 survivors (3072K)
 Metaspace       used 20505K, capacity 21114K, committed 21248K, reserved 1067008K
  class space    used 2505K, capacity 2729K, committed 2816K, reserved 1048576K
}

