# JRE version: Java(TM) SE Runtime Environment 18.9 (11.0.15+8) (build 11.0.15+8-LTS-149)
# Java VM: Java HotSpot(TM) 64-Bit Server VM 18.9 (11.0.15+8-LTS-149, mixed mode, tiered, compressed oops, g1 gc, windows-amd64)
Heap:
 garbage-first heap   total 196608K, used 20079K [0x0000000740c00000, 0x0000000800000000)
  region size 1024K, 13 young (13312K), 3 survivors (3072K)
 Metaspace       used 21414K, capacity 22112K, committed 22448K, reserved 1069056K
  class space    used 2614K, capacity 2849K, committed 2944K, reserved 1048576K
GC Heap History (10 events):
Event: 0.828 GC heap before
{Heap before GC invocations=0 (full 0):
 garbage-first heap   total 196608K, used 14336K [0x0000000740c00000, 0x0000000800000000)
  region size 1024K, 14 young (14336K), 0 survivors (0K)
 Metaspace       used 9031K, capacity 9153K, committed 9344K, reserved 1058816K
  class space    used 784K, capacity 835K, committed 896K, reserved 1048576K
}
Event: 0.835 GC heap after
{Heap after GC invocations=1 (full 0):
 garbage-first heap   total 196608K, used 8038K [0x0000000740c00000, 0x0000000800000000)
  region size 1024K, 2 young (2048K), 2 survivors (2048K)
 Metaspace       used 9031K, capacity 9153K, committed 9344K, reserved 1058816K
  class space    used 784K, capacity 835K, committed 896K, reserved 1048576K
}
Event: 0.989 GC heap before
{Heap before GC invocations=1 (full 0):
 garbage-first heap   total 196608K, used 16230K [0x0000000740c00000, 0x0000000800000000)
  region size 1024K, 10 young (10240K), 2 survivors (2048K)
 Metaspace       used 10645K, capacity 10800K, committed 11008K, reserved 1058816K
  class space    used 961K, capacity 1003K, committed 1024K, reserved 1048576K
}
Event: 0.991 GC heap after
{Heap after GC invocations=2 (full 0):
 garbage-first heap   total 196608K, used 8305K [0x0000000740c00000, 0x0000000800000000)
  region size 1024K, 1 young (1024K), 1 survivors (1024K)
 Metaspace       used 10645K, capacity 10800K, committed 11008K, reserved 1058816K
  class space    used 961K, capacity 1003K, committed 1024K, reserved 1048576K
}
Event: 1.419 GC heap before
{Heap before GC invocations=2 (full 0):
 garbage-first heap   total 196608K, used 31857K [0x0000000740c00000, 0x0000000800000000)
  region size 1024K, 25 young (25600K), 1 survivors (1024K)
 Metaspace       used 13484K, capacity 13887K, committed 14080K, reserved 1062912K
  class space    used 1333K, capacity 1463K, committed 1536K, reserved 1048576K
}
Event: 1.422 GC heap after
{Heap after GC invocations=3 (full 0):
 garbage-first heap   total 196608K, used 8942K [0x0000000740c00000, 0x0000000800000000)
  region size 1024K, 1 young (1024K), 1 survivors (1024K)
 Metaspace       used 13484K, capacity 13887K, committed 14080K, reserved 1062912K
  class space    used 1333K, capacity 1463K, committed 1536K, reserved 1048576K
}
Event: 2.199 GC heap before
{Heap before GC invocations=3 (full 0):
 garbage-first heap   total 196608K, used 56046K [0x0000000740c00000, 0x0000000800000000)
  region size 1024K, 47 young (48128K), 1 survivors (1024K)
 Metaspace       used 17703K, capacity 18325K, committed 18432K, reserved 1064960K
  class space    used 2050K, capacity 2285K, committed 2304K, reserved 1048576K
}
Event: 2.202 GC heap after
{Heap after GC invocations=4 (full 0):
 garbage-first heap   total 196608K, used 10315K [0x0000000740c00000, 0x0000000800000000)
  region size 1024K, 3 young (3072K), 3 survivors (3072K)
 Metaspace       used 17703K, capacity 18325K, committed 18432K, reserved 1064960K
  class space    used 2050K, capacity 2285K, committed 2304K, reserved 1048576K
}
Event: 2.833 GC heap before
{Heap before GC invocations=4 (full 0):
 garbage-first heap   total 196608K, used 49227K [0x0000000740c00000, 0x0000000800000000)
  region size 1024K, 42 young (43008K), 3 survivors (3072K)
 Metaspace       used 20563K, capacity 21197K, committed 21296K, reserved 1069056K
  class space    used 2513K, capacity 2760K, committed 2816K, reserved 1048576K
}
Event: 2.839 GC heap after
{Heap after GC invocations=5 (full 0):
 garbage-first heap   total 196608K, used 10863K [0x0000000740c00000, 0x0000000800000000)
  region size 1024K, 3 young (3072K), 3 survivors (3072K)
 Metaspace       used 20563K, capacity 21197K, committed 21296K, reserved 1069056K
  class space    used 2513K, capacity 2760K, committed 2816K, reserved 1048576K
}

